  [1m[35m (0.0ms)[0m  [1m[34mSELECT sqlite_version(*)[0m
  [1m[35m (115.8ms)[0m  [1m[35mCREATE TABLE "schema_migrations" ("version" varchar NOT NULL PRIMARY KEY)[0m
  [1m[35m (68.9ms)[0m  [1m[35mCREATE TABLE "ar_internal_metadata" ("key" varchar NOT NULL PRIMARY KEY, "value" varchar, "created_at" datetime NOT NULL, "updated_at" datetime NOT NULL)[0m
  [1m[35m (0.0ms)[0m  [1m[34mSELECT "schema_migrations"."version" FROM "schema_migrations" ORDER BY "schema_migrations"."version" ASC[0m
Migrating to CreateUsers (20170819185537)
  [1m[35m (0.0ms)[0m  [1m[34mSELECT "schema_migrations"."version" FROM "schema_migrations" ORDER BY "schema_migrations"."version" ASC[0m
Migrating to CreateUsers (20170819185843)
  [1m[35m (0.5ms)[0m  [1m[34mSELECT "schema_migrations"."version" FROM "schema_migrations" ORDER BY "schema_migrations"."version" ASC[0m
Migrating to CreateUsers (20170819190033)
  [1m[35m (0.0ms)[0m  [1m[36mbegin transaction[0m
  [1m[35m (0.0ms)[0m  [1m[34mSELECT sqlite_version(*)[0m
  [1m[35m (0.0ms)[0m  [1m[35mCREATE TABLE "users" ("id" INTEGER PRIMARY KEY AUTOINCREMENT NOT NULL, "username" varchar, "email" varchar, "password" varchar, "created_at" datetime NOT NULL, "updated_at" datetime NOT NULL)[0m
  [1m[35mSQL (0.0ms)[0m  [1m[32mINSERT INTO "schema_migrations" ("version") VALUES (?)[0m  [["version", "20170819190033"]]
  [1m[35m (84.4ms)[0m  [1m[36mcommit transaction[0m
  [1m[36mActiveRecord::InternalMetadata Load (0.0ms)[0m  [1m[34mSELECT  "ar_internal_metadata".* FROM "ar_internal_metadata" WHERE "ar_internal_metadata"."key" = ? LIMIT ?[0m  [["key", "environment"], ["LIMIT", 1]]
  [1m[35m (0.0ms)[0m  [1m[36mbegin transaction[0m
  [1m[35mSQL (0.0ms)[0m  [1m[32mINSERT INTO "ar_internal_metadata" ("key", "value", "created_at", "updated_at") VALUES (?, ?, ?, ?)[0m  [["key", "environment"], ["value", "development"], ["created_at", "2017-08-19 19:00:49.466897"], ["updated_at", "2017-08-19 19:00:49.466897"]]
  [1m[35m (84.8ms)[0m  [1m[36mcommit transaction[0m
  [1m[35m (0.0ms)[0m  [1m[34mSELECT "schema_migrations"."version" FROM "schema_migrations" ORDER BY "schema_migrations"."version" ASC[0m
Started GET "/users/new" for 127.0.0.1 at 2017-08-19 14:15:37 -0500
  [1m[35m (1.0ms)[0m  [1m[34mSELECT "schema_migrations"."version" FROM "schema_migrations" ORDER BY "schema_migrations"."version" ASC[0m
Processing by UsersController#new as HTML
  Rendering users/new.html.erb within layouts/application
  Rendered users/new.html.erb within layouts/application (27.0ms)
Completed 200 OK in 4631ms (Views: 4567.7ms | ActiveRecord: 0.0ms)


Started GET "/new" for 127.0.0.1 at 2017-08-19 14:26:59 -0500
  [1m[35m (0.5ms)[0m  [1m[34mSELECT "schema_migrations"."version" FROM "schema_migrations" ORDER BY "schema_migrations"."version" ASC[0m
  
ActionController::RoutingError (No route matches [GET] "/new"):
  
actionpack (5.1.3) lib/action_dispatch/middleware/debug_exceptions.rb:63:in `call'
web-console (3.5.1) lib/web_console/middleware.rb:135:in `call_app'
web-console (3.5.1) lib/web_console/middleware.rb:28:in `block in call'
web-console (3.5.1) lib/web_console/middleware.rb:18:in `catch'
web-console (3.5.1) lib/web_console/middleware.rb:18:in `call'
actionpack (5.1.3) lib/action_dispatch/middleware/show_exceptions.rb:31:in `call'
railties (5.1.3) lib/rails/rack/logger.rb:36:in `call_app'
railties (5.1.3) lib/rails/rack/logger.rb:24:in `block in call'
activesupport (5.1.3) lib/active_support/tagged_logging.rb:69:in `block in tagged'
activesupport (5.1.3) lib/active_support/tagged_logging.rb:26:in `tagged'
activesupport (5.1.3) lib/active_support/tagged_logging.rb:69:in `tagged'
railties (5.1.3) lib/rails/rack/logger.rb:24:in `call'
sprockets-rails (3.2.0) lib/sprockets/rails/quiet_assets.rb:13:in `call'
actionpack (5.1.3) lib/action_dispatch/middleware/remote_ip.rb:79:in `call'
actionpack (5.1.3) lib/action_dispatch/middleware/request_id.rb:25:in `call'
rack (2.0.3) lib/rack/method_override.rb:22:in `call'
rack (2.0.3) lib/rack/runtime.rb:22:in `call'
activesupport (5.1.3) lib/active_support/cache/strategy/local_cache_middleware.rb:27:in `call'
actionpack (5.1.3) lib/action_dispatch/middleware/executor.rb:12:in `call'
actionpack (5.1.3) lib/action_dispatch/middleware/static.rb:125:in `call'
rack (2.0.3) lib/rack/sendfile.rb:111:in `call'
railties (5.1.3) lib/rails/engine.rb:522:in `call'
puma (3.10.0) lib/puma/configuration.rb:225:in `call'
puma (3.10.0) lib/puma/server.rb:605:in `handle_request'
puma (3.10.0) lib/puma/server.rb:437:in `process_client'
puma (3.10.0) lib/puma/server.rb:301:in `block in run'
puma (3.10.0) lib/puma/thread_pool.rb:120:in `block in spawn_thread'
Started GET "/new" for 127.0.0.1 at 2017-08-19 14:31:03 -0500
  [1m[35m (0.0ms)[0m  [1m[34mSELECT "schema_migrations"."version" FROM "schema_migrations" ORDER BY "schema_migrations"."version" ASC[0m
  
ActionController::RoutingError (No route matches [GET] "/new"):
  
actionpack (5.1.3) lib/action_dispatch/middleware/debug_exceptions.rb:63:in `call'
web-console (3.5.1) lib/web_console/middleware.rb:135:in `call_app'
web-console (3.5.1) lib/web_console/middleware.rb:28:in `block in call'
web-console (3.5.1) lib/web_console/middleware.rb:18:in `catch'
web-console (3.5.1) lib/web_console/middleware.rb:18:in `call'
actionpack (5.1.3) lib/action_dispatch/middleware/show_exceptions.rb:31:in `call'
railties (5.1.3) lib/rails/rack/logger.rb:36:in `call_app'
railties (5.1.3) lib/rails/rack/logger.rb:24:in `block in call'
activesupport (5.1.3) lib/active_support/tagged_logging.rb:69:in `block in tagged'
activesupport (5.1.3) lib/active_support/tagged_logging.rb:26:in `tagged'
activesupport (5.1.3) lib/active_support/tagged_logging.rb:69:in `tagged'
railties (5.1.3) lib/rails/rack/logger.rb:24:in `call'
sprockets-rails (3.2.0) lib/sprockets/rails/quiet_assets.rb:13:in `call'
actionpack (5.1.3) lib/action_dispatch/middleware/remote_ip.rb:79:in `call'
actionpack (5.1.3) lib/action_dispatch/middleware/request_id.rb:25:in `call'
rack (2.0.3) lib/rack/method_override.rb:22:in `call'
rack (2.0.3) lib/rack/runtime.rb:22:in `call'
activesupport (5.1.3) lib/active_support/cache/strategy/local_cache_middleware.rb:27:in `call'
actionpack (5.1.3) lib/action_dispatch/middleware/executor.rb:12:in `call'
actionpack (5.1.3) lib/action_dispatch/middleware/static.rb:125:in `call'
rack (2.0.3) lib/rack/sendfile.rb:111:in `call'
railties (5.1.3) lib/rails/engine.rb:522:in `call'
puma (3.10.0) lib/puma/configuration.rb:225:in `call'
puma (3.10.0) lib/puma/server.rb:605:in `handle_request'
puma (3.10.0) lib/puma/server.rb:437:in `process_client'
puma (3.10.0) lib/puma/server.rb:301:in `block in run'
puma (3.10.0) lib/puma/thread_pool.rb:120:in `block in spawn_thread'
Started GET "/user/new" for 127.0.0.1 at 2017-08-19 14:31:44 -0500
  [1m[35m (0.5ms)[0m  [1m[34mSELECT "schema_migrations"."version" FROM "schema_migrations" ORDER BY "schema_migrations"."version" ASC[0m
  
ActionController::RoutingError (No route matches [GET] "/user/new"):
  
actionpack (5.1.3) lib/action_dispatch/middleware/debug_exceptions.rb:63:in `call'
web-console (3.5.1) lib/web_console/middleware.rb:135:in `call_app'
web-console (3.5.1) lib/web_console/middleware.rb:28:in `block in call'
web-console (3.5.1) lib/web_console/middleware.rb:18:in `catch'
web-console (3.5.1) lib/web_console/middleware.rb:18:in `call'
actionpack (5.1.3) lib/action_dispatch/middleware/show_exceptions.rb:31:in `call'
railties (5.1.3) lib/rails/rack/logger.rb:36:in `call_app'
railties (5.1.3) lib/rails/rack/logger.rb:24:in `block in call'
activesupport (5.1.3) lib/active_support/tagged_logging.rb:69:in `block in tagged'
activesupport (5.1.3) lib/active_support/tagged_logging.rb:26:in `tagged'
activesupport (5.1.3) lib/active_support/tagged_logging.rb:69:in `tagged'
railties (5.1.3) lib/rails/rack/logger.rb:24:in `call'
sprockets-rails (3.2.0) lib/sprockets/rails/quiet_assets.rb:13:in `call'
actionpack (5.1.3) lib/action_dispatch/middleware/remote_ip.rb:79:in `call'
actionpack (5.1.3) lib/action_dispatch/middleware/request_id.rb:25:in `call'
rack (2.0.3) lib/rack/method_override.rb:22:in `call'
rack (2.0.3) lib/rack/runtime.rb:22:in `call'
activesupport (5.1.3) lib/active_support/cache/strategy/local_cache_middleware.rb:27:in `call'
actionpack (5.1.3) lib/action_dispatch/middleware/executor.rb:12:in `call'
actionpack (5.1.3) lib/action_dispatch/middleware/static.rb:125:in `call'
rack (2.0.3) lib/rack/sendfile.rb:111:in `call'
railties (5.1.3) lib/rails/engine.rb:522:in `call'
puma (3.10.0) lib/puma/configuration.rb:225:in `call'
puma (3.10.0) lib/puma/server.rb:605:in `handle_request'
puma (3.10.0) lib/puma/server.rb:437:in `process_client'
puma (3.10.0) lib/puma/server.rb:301:in `block in run'
puma (3.10.0) lib/puma/thread_pool.rb:120:in `block in spawn_thread'
Started GET "/users/new" for 127.0.0.1 at 2017-08-19 14:32:11 -0500
Processing by UsersController#new as HTML
  Rendering users/new.html.erb within layouts/application
  Rendered users/new.html.erb within layouts/application (0.0ms)
Completed 200 OK in 708ms (Views: 674.4ms | ActiveRecord: 0.0ms)


Started GET "/users/new" for 127.0.0.1 at 2017-08-19 16:19:57 -0500
  [1m[35m (1.0ms)[0m  [1m[34mSELECT "schema_migrations"."version" FROM "schema_migrations" ORDER BY "schema_migrations"."version" ASC[0m
Processing by UsersController#new as HTML
  Rendering users/new.html.erb within layouts/application
  Rendered users/new.html.erb within layouts/application (103.4ms)
Completed 200 OK in 1991ms (Views: 1934.4ms | ActiveRecord: 0.0ms)


Started GET "/users?username=johnjmarks4&email=johnjmarks4%40gmail.com&password=[FILTERED]&make_user=Submit+Query" for 127.0.0.1 at 2017-08-19 16:20:41 -0500
  
ActionController::RoutingError (No route matches [GET] "/users"):
  
actionpack (5.1.3) lib/action_dispatch/middleware/debug_exceptions.rb:63:in `call'
web-console (3.5.1) lib/web_console/middleware.rb:135:in `call_app'
web-console (3.5.1) lib/web_console/middleware.rb:28:in `block in call'
web-console (3.5.1) lib/web_console/middleware.rb:18:in `catch'
web-console (3.5.1) lib/web_console/middleware.rb:18:in `call'
actionpack (5.1.3) lib/action_dispatch/middleware/show_exceptions.rb:31:in `call'
railties (5.1.3) lib/rails/rack/logger.rb:36:in `call_app'
railties (5.1.3) lib/rails/rack/logger.rb:24:in `block in call'
activesupport (5.1.3) lib/active_support/tagged_logging.rb:69:in `block in tagged'
activesupport (5.1.3) lib/active_support/tagged_logging.rb:26:in `tagged'
activesupport (5.1.3) lib/active_support/tagged_logging.rb:69:in `tagged'
railties (5.1.3) lib/rails/rack/logger.rb:24:in `call'
sprockets-rails (3.2.0) lib/sprockets/rails/quiet_assets.rb:13:in `call'
actionpack (5.1.3) lib/action_dispatch/middleware/remote_ip.rb:79:in `call'
actionpack (5.1.3) lib/action_dispatch/middleware/request_id.rb:25:in `call'
rack (2.0.3) lib/rack/method_override.rb:22:in `call'
rack (2.0.3) lib/rack/runtime.rb:22:in `call'
activesupport (5.1.3) lib/active_support/cache/strategy/local_cache_middleware.rb:27:in `call'
actionpack (5.1.3) lib/action_dispatch/middleware/executor.rb:12:in `call'
actionpack (5.1.3) lib/action_dispatch/middleware/static.rb:125:in `call'
rack (2.0.3) lib/rack/sendfile.rb:111:in `call'
railties (5.1.3) lib/rails/engine.rb:522:in `call'
puma (3.10.0) lib/puma/configuration.rb:225:in `call'
puma (3.10.0) lib/puma/server.rb:605:in `handle_request'
puma (3.10.0) lib/puma/server.rb:437:in `process_client'
puma (3.10.0) lib/puma/server.rb:301:in `block in run'
puma (3.10.0) lib/puma/thread_pool.rb:120:in `block in spawn_thread'
Started GET "/users/new" for 127.0.0.1 at 2017-08-19 16:24:11 -0500
  [1m[35m (0.0ms)[0m  [1m[34mSELECT "schema_migrations"."version" FROM "schema_migrations" ORDER BY "schema_migrations"."version" ASC[0m
Processing by UsersController#new as HTML
  Rendering users/new.html.erb within layouts/application
  Rendered users/new.html.erb within layouts/application (0.0ms)
Completed 200 OK in 718ms (Views: 661.9ms | ActiveRecord: 0.0ms)


Started GET "/create?username=johnjmarks4&email=johnjmarks4%40gmail.com&password=[FILTERED]&make_user=Submit+Query" for 127.0.0.1 at 2017-08-19 16:24:53 -0500
  
ActionController::RoutingError (No route matches [GET] "/create"):
  
actionpack (5.1.3) lib/action_dispatch/middleware/debug_exceptions.rb:63:in `call'
web-console (3.5.1) lib/web_console/middleware.rb:135:in `call_app'
web-console (3.5.1) lib/web_console/middleware.rb:28:in `block in call'
web-console (3.5.1) lib/web_console/middleware.rb:18:in `catch'
web-console (3.5.1) lib/web_console/middleware.rb:18:in `call'
actionpack (5.1.3) lib/action_dispatch/middleware/show_exceptions.rb:31:in `call'
railties (5.1.3) lib/rails/rack/logger.rb:36:in `call_app'
railties (5.1.3) lib/rails/rack/logger.rb:24:in `block in call'
activesupport (5.1.3) lib/active_support/tagged_logging.rb:69:in `block in tagged'
activesupport (5.1.3) lib/active_support/tagged_logging.rb:26:in `tagged'
activesupport (5.1.3) lib/active_support/tagged_logging.rb:69:in `tagged'
railties (5.1.3) lib/rails/rack/logger.rb:24:in `call'
sprockets-rails (3.2.0) lib/sprockets/rails/quiet_assets.rb:13:in `call'
actionpack (5.1.3) lib/action_dispatch/middleware/remote_ip.rb:79:in `call'
actionpack (5.1.3) lib/action_dispatch/middleware/request_id.rb:25:in `call'
rack (2.0.3) lib/rack/method_override.rb:22:in `call'
rack (2.0.3) lib/rack/runtime.rb:22:in `call'
activesupport (5.1.3) lib/active_support/cache/strategy/local_cache_middleware.rb:27:in `call'
actionpack (5.1.3) lib/action_dispatch/middleware/executor.rb:12:in `call'
actionpack (5.1.3) lib/action_dispatch/middleware/static.rb:125:in `call'
rack (2.0.3) lib/rack/sendfile.rb:111:in `call'
railties (5.1.3) lib/rails/engine.rb:522:in `call'
puma (3.10.0) lib/puma/configuration.rb:225:in `call'
puma (3.10.0) lib/puma/server.rb:605:in `handle_request'
puma (3.10.0) lib/puma/server.rb:437:in `process_client'
puma (3.10.0) lib/puma/server.rb:301:in `block in run'
puma (3.10.0) lib/puma/thread_pool.rb:120:in `block in spawn_thread'
Started GET "/users/new" for 127.0.0.1 at 2017-08-19 16:25:55 -0500
  [1m[35m (0.0ms)[0m  [1m[34mSELECT "schema_migrations"."version" FROM "schema_migrations" ORDER BY "schema_migrations"."version" ASC[0m
Processing by UsersController#new as HTML
  Rendering users/new.html.erb within layouts/application
  Rendered users/new.html.erb within layouts/application (0.0ms)
Completed 200 OK in 733ms (Views: 671.6ms | ActiveRecord: 0.0ms)


Started GET "/users?username=johnjmarks4&email=johnjmarks4%40gmail.com&password=[FILTERED]&make_user=Submit+Query" for 127.0.0.1 at 2017-08-19 16:26:33 -0500
  
ActionController::RoutingError (No route matches [GET] "/users"):
  
actionpack (5.1.3) lib/action_dispatch/middleware/debug_exceptions.rb:63:in `call'
web-console (3.5.1) lib/web_console/middleware.rb:135:in `call_app'
web-console (3.5.1) lib/web_console/middleware.rb:28:in `block in call'
web-console (3.5.1) lib/web_console/middleware.rb:18:in `catch'
web-console (3.5.1) lib/web_console/middleware.rb:18:in `call'
actionpack (5.1.3) lib/action_dispatch/middleware/show_exceptions.rb:31:in `call'
railties (5.1.3) lib/rails/rack/logger.rb:36:in `call_app'
railties (5.1.3) lib/rails/rack/logger.rb:24:in `block in call'
activesupport (5.1.3) lib/active_support/tagged_logging.rb:69:in `block in tagged'
activesupport (5.1.3) lib/active_support/tagged_logging.rb:26:in `tagged'
activesupport (5.1.3) lib/active_support/tagged_logging.rb:69:in `tagged'
railties (5.1.3) lib/rails/rack/logger.rb:24:in `call'
sprockets-rails (3.2.0) lib/sprockets/rails/quiet_assets.rb:13:in `call'
actionpack (5.1.3) lib/action_dispatch/middleware/remote_ip.rb:79:in `call'
actionpack (5.1.3) lib/action_dispatch/middleware/request_id.rb:25:in `call'
rack (2.0.3) lib/rack/method_override.rb:22:in `call'
rack (2.0.3) lib/rack/runtime.rb:22:in `call'
activesupport (5.1.3) lib/active_support/cache/strategy/local_cache_middleware.rb:27:in `call'
actionpack (5.1.3) lib/action_dispatch/middleware/executor.rb:12:in `call'
actionpack (5.1.3) lib/action_dispatch/middleware/static.rb:125:in `call'
rack (2.0.3) lib/rack/sendfile.rb:111:in `call'
railties (5.1.3) lib/rails/engine.rb:522:in `call'
puma (3.10.0) lib/puma/configuration.rb:225:in `call'
puma (3.10.0) lib/puma/server.rb:605:in `handle_request'
puma (3.10.0) lib/puma/server.rb:437:in `process_client'
puma (3.10.0) lib/puma/server.rb:301:in `block in run'
puma (3.10.0) lib/puma/thread_pool.rb:120:in `block in spawn_thread'
Started GET "/users/new" for 127.0.0.1 at 2017-08-19 16:30:17 -0500
  [1m[35m (0.5ms)[0m  [1m[34mSELECT "schema_migrations"."version" FROM "schema_migrations" ORDER BY "schema_migrations"."version" ASC[0m
Processing by UsersController#new as HTML
  Rendering users/new.html.erb within layouts/application
  Rendered users/new.html.erb within layouts/application (4.0ms)
Completed 200 OK in 727ms (Views: 670.1ms | ActiveRecord: 0.0ms)


Started POST "/users" for 127.0.0.1 at 2017-08-19 16:31:03 -0500
Processing by UsersController#create as HTML
  Parameters: {"username"=>"johnjmarks4", "email"=>"johnjmarks4@gmail.com", "password"=>"[FILTERED]", "make_user"=>"Submit Query"}
Can't verify CSRF token authenticity.
Completed 422 Unprocessable Entity in 2ms (ActiveRecord: 0.0ms)


  
ActionController::InvalidAuthenticityToken (ActionController::InvalidAuthenticityToken):
  
actionpack (5.1.3) lib/action_controller/metal/request_forgery_protection.rb:195:in `handle_unverified_request'
actionpack (5.1.3) lib/action_controller/metal/request_forgery_protection.rb:227:in `handle_unverified_request'
actionpack (5.1.3) lib/action_controller/metal/request_forgery_protection.rb:222:in `verify_authenticity_token'
activesupport (5.1.3) lib/active_support/callbacks.rb:413:in `block in make_lambda'
activesupport (5.1.3) lib/active_support/callbacks.rb:197:in `block (2 levels) in halting'
actionpack (5.1.3) lib/abstract_controller/callbacks.rb:12:in `block (2 levels) in <module:Callbacks>'
activesupport (5.1.3) lib/active_support/callbacks.rb:198:in `block in halting'
activesupport (5.1.3) lib/active_support/callbacks.rb:507:in `block in invoke_before'
activesupport (5.1.3) lib/active_support/callbacks.rb:507:in `each'
activesupport (5.1.3) lib/active_support/callbacks.rb:507:in `invoke_before'
activesupport (5.1.3) lib/active_support/callbacks.rb:130:in `run_callbacks'
actionpack (5.1.3) lib/abstract_controller/callbacks.rb:19:in `process_action'
actionpack (5.1.3) lib/action_controller/metal/rescue.rb:20:in `process_action'
actionpack (5.1.3) lib/action_controller/metal/instrumentation.rb:32:in `block in process_action'
activesupport (5.1.3) lib/active_support/notifications.rb:166:in `block in instrument'
activesupport (5.1.3) lib/active_support/notifications/instrumenter.rb:21:in `instrument'
activesupport (5.1.3) lib/active_support/notifications.rb:166:in `instrument'
actionpack (5.1.3) lib/action_controller/metal/instrumentation.rb:30:in `process_action'
actionpack (5.1.3) lib/action_controller/metal/params_wrapper.rb:252:in `process_action'
activerecord (5.1.3) lib/active_record/railties/controller_runtime.rb:22:in `process_action'
actionpack (5.1.3) lib/abstract_controller/base.rb:124:in `process'
actionview (5.1.3) lib/action_view/rendering.rb:30:in `process'
actionpack (5.1.3) lib/action_controller/metal.rb:189:in `dispatch'
actionpack (5.1.3) lib/action_controller/metal.rb:253:in `dispatch'
actionpack (5.1.3) lib/action_dispatch/routing/route_set.rb:49:in `dispatch'
actionpack (5.1.3) lib/action_dispatch/routing/route_set.rb:31:in `serve'
actionpack (5.1.3) lib/action_dispatch/journey/router.rb:46:in `block in serve'
actionpack (5.1.3) lib/action_dispatch/journey/router.rb:33:in `each'
actionpack (5.1.3) lib/action_dispatch/journey/router.rb:33:in `serve'
actionpack (5.1.3) lib/action_dispatch/routing/route_set.rb:834:in `call'
rack (2.0.3) lib/rack/etag.rb:25:in `call'
rack (2.0.3) lib/rack/conditional_get.rb:38:in `call'
rack (2.0.3) lib/rack/head.rb:12:in `call'
rack (2.0.3) lib/rack/session/abstract/id.rb:232:in `context'
rack (2.0.3) lib/rack/session/abstract/id.rb:226:in `call'
actionpack (5.1.3) lib/action_dispatch/middleware/cookies.rb:613:in `call'
activerecord (5.1.3) lib/active_record/migration.rb:556:in `call'
actionpack (5.1.3) lib/action_dispatch/middleware/callbacks.rb:26:in `block in call'
activesupport (5.1.3) lib/active_support/callbacks.rb:97:in `run_callbacks'
actionpack (5.1.3) lib/action_dispatch/middleware/callbacks.rb:24:in `call'
actionpack (5.1.3) lib/action_dispatch/middleware/executor.rb:12:in `call'
actionpack (5.1.3) lib/action_dispatch/middleware/debug_exceptions.rb:59:in `call'
web-console (3.5.1) lib/web_console/middleware.rb:135:in `call_app'
web-console (3.5.1) lib/web_console/middleware.rb:28:in `block in call'
web-console (3.5.1) lib/web_console/middleware.rb:18:in `catch'
web-console (3.5.1) lib/web_console/middleware.rb:18:in `call'
actionpack (5.1.3) lib/action_dispatch/middleware/show_exceptions.rb:31:in `call'
railties (5.1.3) lib/rails/rack/logger.rb:36:in `call_app'
railties (5.1.3) lib/rails/rack/logger.rb:24:in `block in call'
activesupport (5.1.3) lib/active_support/tagged_logging.rb:69:in `block in tagged'
activesupport (5.1.3) lib/active_support/tagged_logging.rb:26:in `tagged'
activesupport (5.1.3) lib/active_support/tagged_logging.rb:69:in `tagged'
railties (5.1.3) lib/rails/rack/logger.rb:24:in `call'
sprockets-rails (3.2.0) lib/sprockets/rails/quiet_assets.rb:13:in `call'
actionpack (5.1.3) lib/action_dispatch/middleware/remote_ip.rb:79:in `call'
actionpack (5.1.3) lib/action_dispatch/middleware/request_id.rb:25:in `call'
rack (2.0.3) lib/rack/method_override.rb:22:in `call'
rack (2.0.3) lib/rack/runtime.rb:22:in `call'
activesupport (5.1.3) lib/active_support/cache/strategy/local_cache_middleware.rb:27:in `call'
actionpack (5.1.3) lib/action_dispatch/middleware/executor.rb:12:in `call'
actionpack (5.1.3) lib/action_dispatch/middleware/static.rb:125:in `call'
rack (2.0.3) lib/rack/sendfile.rb:111:in `call'
railties (5.1.3) lib/rails/engine.rb:522:in `call'
puma (3.10.0) lib/puma/configuration.rb:225:in `call'
puma (3.10.0) lib/puma/server.rb:605:in `handle_request'
puma (3.10.0) lib/puma/server.rb:437:in `process_client'
puma (3.10.0) lib/puma/server.rb:301:in `block in run'
puma (3.10.0) lib/puma/thread_pool.rb:120:in `block in spawn_thread'
Started POST "/users" for 127.0.0.1 at 2017-08-19 16:38:18 -0500
Processing by UsersController#create as HTML
  Parameters: {"username"=>"johnjmarks4", "email"=>"johnjmarks4@gmail.com", "password"=>"[FILTERED]", "make_user"=>"Submit Query"}
Can't verify CSRF token authenticity.
Completed 422 Unprocessable Entity in 0ms (ActiveRecord: 0.0ms)


  
ActionController::InvalidAuthenticityToken (ActionController::InvalidAuthenticityToken):
  
actionpack (5.1.3) lib/action_controller/metal/request_forgery_protection.rb:195:in `handle_unverified_request'
actionpack (5.1.3) lib/action_controller/metal/request_forgery_protection.rb:227:in `handle_unverified_request'
actionpack (5.1.3) lib/action_controller/metal/request_forgery_protection.rb:222:in `verify_authenticity_token'
activesupport (5.1.3) lib/active_support/callbacks.rb:413:in `block in make_lambda'
activesupport (5.1.3) lib/active_support/callbacks.rb:197:in `block (2 levels) in halting'
actionpack (5.1.3) lib/abstract_controller/callbacks.rb:12:in `block (2 levels) in <module:Callbacks>'
activesupport (5.1.3) lib/active_support/callbacks.rb:198:in `block in halting'
activesupport (5.1.3) lib/active_support/callbacks.rb:507:in `block in invoke_before'
activesupport (5.1.3) lib/active_support/callbacks.rb:507:in `each'
activesupport (5.1.3) lib/active_support/callbacks.rb:507:in `invoke_before'
activesupport (5.1.3) lib/active_support/callbacks.rb:130:in `run_callbacks'
actionpack (5.1.3) lib/abstract_controller/callbacks.rb:19:in `process_action'
actionpack (5.1.3) lib/action_controller/metal/rescue.rb:20:in `process_action'
actionpack (5.1.3) lib/action_controller/metal/instrumentation.rb:32:in `block in process_action'
activesupport (5.1.3) lib/active_support/notifications.rb:166:in `block in instrument'
activesupport (5.1.3) lib/active_support/notifications/instrumenter.rb:21:in `instrument'
activesupport (5.1.3) lib/active_support/notifications.rb:166:in `instrument'
actionpack (5.1.3) lib/action_controller/metal/instrumentation.rb:30:in `process_action'
actionpack (5.1.3) lib/action_controller/metal/params_wrapper.rb:252:in `process_action'
activerecord (5.1.3) lib/active_record/railties/controller_runtime.rb:22:in `process_action'
actionpack (5.1.3) lib/abstract_controller/base.rb:124:in `process'
actionview (5.1.3) lib/action_view/rendering.rb:30:in `process'
actionpack (5.1.3) lib/action_controller/metal.rb:189:in `dispatch'
actionpack (5.1.3) lib/action_controller/metal.rb:253:in `dispatch'
actionpack (5.1.3) lib/action_dispatch/routing/route_set.rb:49:in `dispatch'
actionpack (5.1.3) lib/action_dispatch/routing/route_set.rb:31:in `serve'
actionpack (5.1.3) lib/action_dispatch/journey/router.rb:46:in `block in serve'
actionpack (5.1.3) lib/action_dispatch/journey/router.rb:33:in `each'
actionpack (5.1.3) lib/action_dispatch/journey/router.rb:33:in `serve'
actionpack (5.1.3) lib/action_dispatch/routing/route_set.rb:834:in `call'
rack (2.0.3) lib/rack/etag.rb:25:in `call'
rack (2.0.3) lib/rack/conditional_get.rb:38:in `call'
rack (2.0.3) lib/rack/head.rb:12:in `call'
rack (2.0.3) lib/rack/session/abstract/id.rb:232:in `context'
rack (2.0.3) lib/rack/session/abstract/id.rb:226:in `call'
actionpack (5.1.3) lib/action_dispatch/middleware/cookies.rb:613:in `call'
activerecord (5.1.3) lib/active_record/migration.rb:556:in `call'
actionpack (5.1.3) lib/action_dispatch/middleware/callbacks.rb:26:in `block in call'
activesupport (5.1.3) lib/active_support/callbacks.rb:97:in `run_callbacks'
actionpack (5.1.3) lib/action_dispatch/middleware/callbacks.rb:24:in `call'
actionpack (5.1.3) lib/action_dispatch/middleware/executor.rb:12:in `call'
actionpack (5.1.3) lib/action_dispatch/middleware/debug_exceptions.rb:59:in `call'
web-console (3.5.1) lib/web_console/middleware.rb:135:in `call_app'
web-console (3.5.1) lib/web_console/middleware.rb:28:in `block in call'
web-console (3.5.1) lib/web_console/middleware.rb:18:in `catch'
web-console (3.5.1) lib/web_console/middleware.rb:18:in `call'
actionpack (5.1.3) lib/action_dispatch/middleware/show_exceptions.rb:31:in `call'
railties (5.1.3) lib/rails/rack/logger.rb:36:in `call_app'
railties (5.1.3) lib/rails/rack/logger.rb:24:in `block in call'
activesupport (5.1.3) lib/active_support/tagged_logging.rb:69:in `block in tagged'
activesupport (5.1.3) lib/active_support/tagged_logging.rb:26:in `tagged'
activesupport (5.1.3) lib/active_support/tagged_logging.rb:69:in `tagged'
railties (5.1.3) lib/rails/rack/logger.rb:24:in `call'
sprockets-rails (3.2.0) lib/sprockets/rails/quiet_assets.rb:13:in `call'
actionpack (5.1.3) lib/action_dispatch/middleware/remote_ip.rb:79:in `call'
actionpack (5.1.3) lib/action_dispatch/middleware/request_id.rb:25:in `call'
rack (2.0.3) lib/rack/method_override.rb:22:in `call'
rack (2.0.3) lib/rack/runtime.rb:22:in `call'
activesupport (5.1.3) lib/active_support/cache/strategy/local_cache_middleware.rb:27:in `call'
actionpack (5.1.3) lib/action_dispatch/middleware/executor.rb:12:in `call'
actionpack (5.1.3) lib/action_dispatch/middleware/static.rb:125:in `call'
rack (2.0.3) lib/rack/sendfile.rb:111:in `call'
railties (5.1.3) lib/rails/engine.rb:522:in `call'
puma (3.10.0) lib/puma/configuration.rb:225:in `call'
puma (3.10.0) lib/puma/server.rb:605:in `handle_request'
puma (3.10.0) lib/puma/server.rb:437:in `process_client'
puma (3.10.0) lib/puma/server.rb:301:in `block in run'
puma (3.10.0) lib/puma/thread_pool.rb:120:in `block in spawn_thread'
Started GET "/users/new" for 127.0.0.1 at 2017-08-19 16:38:53 -0500
  [1m[35m (0.0ms)[0m  [1m[34mSELECT "schema_migrations"."version" FROM "schema_migrations" ORDER BY "schema_migrations"."version" ASC[0m
Processing by UsersController#new as HTML
  Rendering users/new.html.erb within layouts/application
  Rendered users/new.html.erb within layouts/application (0.0ms)
Completed 200 OK in 718ms (Views: 652.9ms | ActiveRecord: 0.0ms)


Started POST "/users" for 127.0.0.1 at 2017-08-19 16:39:32 -0500
Processing by UsersController#create as HTML
  Parameters: {"username"=>"johnjmarks4", "email"=>"johnjmarks4@gmail.com", "password"=>"[FILTERED]", "authenticity_token"=>"TIgJxqlgZ8vZOUxZgKM/wuQJcIfGpnimxbdA8RZWhkGoGTeH4drJPRynpt4awG3lh4JFAg1Riv2toaUgHxvpeQ==", "make_user"=>"Submit Query"}
No template found for UsersController#create, rendering head :no_content
Completed 204 No Content in 1981ms (ActiveRecord: 0.0ms)


Started POST "/users" for 127.0.0.1 at 2017-08-19 16:39:38 -0500
Processing by UsersController#create as HTML
  Parameters: {"username"=>"johnjmarks4", "email"=>"johnjmarks4@gmail.com", "password"=>"[FILTERED]", "authenticity_token"=>"TIgJxqlgZ8vZOUxZgKM/wuQJcIfGpnimxbdA8RZWhkGoGTeH4drJPRynpt4awG3lh4JFAg1Riv2toaUgHxvpeQ==", "make_user"=>"Submit Query"}
No template found for UsersController#create, rendering head :no_content
Completed 204 No Content in 1980ms (ActiveRecord: 0.0ms)


Started GET "/users/new" for 127.0.0.1 at 2017-08-19 16:40:52 -0500
  [1m[35m (0.0ms)[0m  [1m[34mSELECT "schema_migrations"."version" FROM "schema_migrations" ORDER BY "schema_migrations"."version" ASC[0m
Processing by UsersController#new as HTML
  Rendering users/new.html.erb within layouts/application
  Rendered users/new.html.erb within layouts/application (0.0ms)
Completed 200 OK in 733ms (Views: 668.9ms | ActiveRecord: 0.0ms)


Started POST "/users" for 127.0.0.1 at 2017-08-19 16:41:35 -0500
Processing by UsersController#create as HTML
  Parameters: {"username"=>"johnjmarks4", "email"=>"johnjmarks4@gmail.com", "password"=>"[FILTERED]", "make_user"=>"Submit Query"}
Can't verify CSRF token authenticity.
Completed 422 Unprocessable Entity in 3ms (ActiveRecord: 0.0ms)


  
ActionController::InvalidAuthenticityToken (ActionController::InvalidAuthenticityToken):
  
actionpack (5.1.3) lib/action_controller/metal/request_forgery_protection.rb:195:in `handle_unverified_request'
actionpack (5.1.3) lib/action_controller/metal/request_forgery_protection.rb:227:in `handle_unverified_request'
actionpack (5.1.3) lib/action_controller/metal/request_forgery_protection.rb:222:in `verify_authenticity_token'
activesupport (5.1.3) lib/active_support/callbacks.rb:413:in `block in make_lambda'
activesupport (5.1.3) lib/active_support/callbacks.rb:197:in `block (2 levels) in halting'
actionpack (5.1.3) lib/abstract_controller/callbacks.rb:12:in `block (2 levels) in <module:Callbacks>'
activesupport (5.1.3) lib/active_support/callbacks.rb:198:in `block in halting'
activesupport (5.1.3) lib/active_support/callbacks.rb:507:in `block in invoke_before'
activesupport (5.1.3) lib/active_support/callbacks.rb:507:in `each'
activesupport (5.1.3) lib/active_support/callbacks.rb:507:in `invoke_before'
activesupport (5.1.3) lib/active_support/callbacks.rb:130:in `run_callbacks'
actionpack (5.1.3) lib/abstract_controller/callbacks.rb:19:in `process_action'
actionpack (5.1.3) lib/action_controller/metal/rescue.rb:20:in `process_action'
actionpack (5.1.3) lib/action_controller/metal/instrumentation.rb:32:in `block in process_action'
activesupport (5.1.3) lib/active_support/notifications.rb:166:in `block in instrument'
activesupport (5.1.3) lib/active_support/notifications/instrumenter.rb:21:in `instrument'
activesupport (5.1.3) lib/active_support/notifications.rb:166:in `instrument'
actionpack (5.1.3) lib/action_controller/metal/instrumentation.rb:30:in `process_action'
actionpack (5.1.3) lib/action_controller/metal/params_wrapper.rb:252:in `process_action'
activerecord (5.1.3) lib/active_record/railties/controller_runtime.rb:22:in `process_action'
actionpack (5.1.3) lib/abstract_controller/base.rb:124:in `process'
actionview (5.1.3) lib/action_view/rendering.rb:30:in `process'
actionpack (5.1.3) lib/action_controller/metal.rb:189:in `dispatch'
actionpack (5.1.3) lib/action_controller/metal.rb:253:in `dispatch'
actionpack (5.1.3) lib/action_dispatch/routing/route_set.rb:49:in `dispatch'
actionpack (5.1.3) lib/action_dispatch/routing/route_set.rb:31:in `serve'
actionpack (5.1.3) lib/action_dispatch/journey/router.rb:46:in `block in serve'
actionpack (5.1.3) lib/action_dispatch/journey/router.rb:33:in `each'
actionpack (5.1.3) lib/action_dispatch/journey/router.rb:33:in `serve'
actionpack (5.1.3) lib/action_dispatch/routing/route_set.rb:834:in `call'
rack (2.0.3) lib/rack/etag.rb:25:in `call'
rack (2.0.3) lib/rack/conditional_get.rb:38:in `call'
rack (2.0.3) lib/rack/head.rb:12:in `call'
rack (2.0.3) lib/rack/session/abstract/id.rb:232:in `context'
rack (2.0.3) lib/rack/session/abstract/id.rb:226:in `call'
actionpack (5.1.3) lib/action_dispatch/middleware/cookies.rb:613:in `call'
activerecord (5.1.3) lib/active_record/migration.rb:556:in `call'
actionpack (5.1.3) lib/action_dispatch/middleware/callbacks.rb:26:in `block in call'
activesupport (5.1.3) lib/active_support/callbacks.rb:97:in `run_callbacks'
actionpack (5.1.3) lib/action_dispatch/middleware/callbacks.rb:24:in `call'
actionpack (5.1.3) lib/action_dispatch/middleware/executor.rb:12:in `call'
actionpack (5.1.3) lib/action_dispatch/middleware/debug_exceptions.rb:59:in `call'
web-console (3.5.1) lib/web_console/middleware.rb:135:in `call_app'
web-console (3.5.1) lib/web_console/middleware.rb:28:in `block in call'
web-console (3.5.1) lib/web_console/middleware.rb:18:in `catch'
web-console (3.5.1) lib/web_console/middleware.rb:18:in `call'
actionpack (5.1.3) lib/action_dispatch/middleware/show_exceptions.rb:31:in `call'
railties (5.1.3) lib/rails/rack/logger.rb:36:in `call_app'
railties (5.1.3) lib/rails/rack/logger.rb:24:in `block in call'
activesupport (5.1.3) lib/active_support/tagged_logging.rb:69:in `block in tagged'
activesupport (5.1.3) lib/active_support/tagged_logging.rb:26:in `tagged'
activesupport (5.1.3) lib/active_support/tagged_logging.rb:69:in `tagged'
railties (5.1.3) lib/rails/rack/logger.rb:24:in `call'
sprockets-rails (3.2.0) lib/sprockets/rails/quiet_assets.rb:13:in `call'
actionpack (5.1.3) lib/action_dispatch/middleware/remote_ip.rb:79:in `call'
actionpack (5.1.3) lib/action_dispatch/middleware/request_id.rb:25:in `call'
rack (2.0.3) lib/rack/method_override.rb:22:in `call'
rack (2.0.3) lib/rack/runtime.rb:22:in `call'
activesupport (5.1.3) lib/active_support/cache/strategy/local_cache_middleware.rb:27:in `call'
actionpack (5.1.3) lib/action_dispatch/middleware/executor.rb:12:in `call'
actionpack (5.1.3) lib/action_dispatch/middleware/static.rb:125:in `call'
rack (2.0.3) lib/rack/sendfile.rb:111:in `call'
railties (5.1.3) lib/rails/engine.rb:522:in `call'
puma (3.10.0) lib/puma/configuration.rb:225:in `call'
puma (3.10.0) lib/puma/server.rb:605:in `handle_request'
puma (3.10.0) lib/puma/server.rb:437:in `process_client'
puma (3.10.0) lib/puma/server.rb:301:in `block in run'
puma (3.10.0) lib/puma/thread_pool.rb:120:in `block in spawn_thread'
Started GET "/users/new" for 127.0.0.1 at 2017-08-19 16:42:38 -0500
  [1m[35m (0.0ms)[0m  [1m[34mSELECT "schema_migrations"."version" FROM "schema_migrations" ORDER BY "schema_migrations"."version" ASC[0m
Processing by UsersController#new as HTML
  Rendering users/new.html.erb within layouts/application
  Rendered users/new.html.erb within layouts/application (4.0ms)
Completed 200 OK in 734ms (Views: 677.4ms | ActiveRecord: 0.0ms)


Started POST "/users" for 127.0.0.1 at 2017-08-19 16:43:17 -0500
Processing by UsersController#create as HTML
  Parameters: {"username"=>"johnjmarks4", "email"=>"johnjmarks4@gmail.com", "password"=>"[FILTERED]", "make_user"=>"Submit Query", "authenticity_token"=>"bDu8P03pl+r+ESG1kEIXNH7xm+2OnMEjieKlexhR6EaIqoJ+BVM5HDuPyzIKIUUTHXquaEVrM3jh9ECqERyHfg=="}
No template found for UsersController#create, rendering head :no_content
Completed 204 No Content in 1972ms (ActiveRecord: 0.0ms)


Started GET "/users/new" for 127.0.0.1 at 2017-08-19 16:52:38 -0500
  [1m[35m (1.0ms)[0m  [1m[34mSELECT "schema_migrations"."version" FROM "schema_migrations" ORDER BY "schema_migrations"."version" ASC[0m
Processing by UsersController#new as HTML
  Rendering users/new.html.erb within layouts/application
  Rendered users/new.html.erb within layouts/application (6.0ms)
Completed 200 OK in 889ms (Views: 819.4ms | ActiveRecord: 0.0ms)


Started POST "/users" for 127.0.0.1 at 2017-08-19 16:53:17 -0500
Processing by UsersController#create as HTML
  Parameters: {"username"=>"johnjmarks4", "email"=>"johnjmarks4@gmail.com", "password"=>"[FILTERED]", "make_user"=>"Submit Query", "authenticity_token"=>"UY28n3bPBsmsM0YiWTMGk0xmY1pKd+FMXPfGrv9LMX61HILePnWoP2mtrKXDUFS0L+1W34GAExc04SN/9gZeRg=="}
Completed 500 Internal Server Error in 5ms (ActiveRecord: 0.0ms)


  
NoMethodError (undefined method `new' for nil:NilClass):
  
app/controllers/users_controller.rb:6:in `create'
Started GET "/users/new" for 127.0.0.1 at 2017-08-19 16:54:58 -0500
  [1m[35m (0.0ms)[0m  [1m[34mSELECT "schema_migrations"."version" FROM "schema_migrations" ORDER BY "schema_migrations"."version" ASC[0m
Processing by UsersController#new as HTML
  Rendering users/new.html.erb within layouts/application
  Rendered users/new.html.erb within layouts/application (5.0ms)
Completed 200 OK in 729ms (Views: 670.4ms | ActiveRecord: 0.0ms)


Started POST "/users" for 127.0.0.1 at 2017-08-19 16:56:12 -0500
Processing by UsersController#create as HTML
  Parameters: {"username"=>"johnjmarks4", "email"=>"johnjmarks4@gmail.com", "password"=>"[FILTERED]", "make_user"=>"Submit Query", "authenticity_token"=>"wdeaD6dfaafnc24ZqUFKa57jAfw7jkzNLBeNUqG3osslRqRO7+XHUSLthJ4zIhhM/Wg0efB5vpZEAWiDqPrN8w=="}
  [1m[35m (0.5ms)[0m  [1m[36mbegin transaction[0m
  [1m[35mSQL (2.0ms)[0m  [1m[32mINSERT INTO "users" ("username", "email", "password", "created_at", "updated_at") VALUES (?, ?, ?, ?, ?)[0m  [["username", "johnjmarks4"], ["email", "johnjmarks4@gmail.com"], ["password", "Drae1Be9"], ["created_at", "2017-08-19 21:56:12.641695"], ["updated_at", "2017-08-19 21:56:12.641695"]]
  [1m[35m (79.8ms)[0m  [1m[36mcommit transaction[0m
Redirected to http://localhost:3000new_user_path
Completed 302 Found in 139ms (ActiveRecord: 84.4ms)


Started GET "/users/new" for 127.0.0.1 at 2017-08-19 16:59:20 -0500
  [1m[35m (0.0ms)[0m  [1m[34mSELECT "schema_migrations"."version" FROM "schema_migrations" ORDER BY "schema_migrations"."version" ASC[0m
Processing by UsersController#new as HTML
  Rendering users/new.html.erb within layouts/application
  Rendered users/new.html.erb within layouts/application (0.0ms)
Completed 200 OK in 718ms (Views: 664.8ms | ActiveRecord: 0.0ms)


Started POST "/users" for 127.0.0.1 at 2017-08-19 17:00:19 -0500
Processing by UsersController#create as HTML
  Parameters: {"username"=>"johnjmarks4", "email"=>"johnjmarks4@gmail.com", "password"=>"[FILTERED]", "make_user"=>"Submit Query", "authenticity_token"=>"BFVMfy9mD6R/B/oLRLs2+ZXavIRMODRVRn0KVT68gczgxHI+Z9yhUrqZEIze2GTe9lGJAYfPxg4ua++EN/Hu9A=="}
  [1m[35m (0.0ms)[0m  [1m[36mbegin transaction[0m
  [1m[35mSQL (32.0ms)[0m  [1m[32mINSERT INTO "users" ("username", "email", "password", "created_at", "updated_at") VALUES (?, ?, ?, ?, ?)[0m  [["username", "johnjmarks4"], ["email", "johnjmarks4@gmail.com"], ["password", "Drae1Be9"], ["created_at", "2017-08-19 22:00:19.501500"], ["updated_at", "2017-08-19 22:00:19.501500"]]
  [1m[35m (113.9ms)[0m  [1m[36mcommit transaction[0m
Redirected to http://localhost:3000/users/new
Completed 302 Found in 186ms (ActiveRecord: 148.9ms)


Started GET "/users/new" for 127.0.0.1 at 2017-08-19 17:00:19 -0500
Processing by UsersController#new as HTML
  Rendering users/new.html.erb within layouts/application
  Rendered users/new.html.erb within layouts/application (1.0ms)
Completed 200 OK in 264ms (Views: 221.0ms | ActiveRecord: 0.0ms)


Started GET "/users/new" for 127.0.0.1 at 2017-08-19 17:05:56 -0500
  [1m[35m (0.0ms)[0m  [1m[34mSELECT "schema_migrations"."version" FROM "schema_migrations" ORDER BY "schema_migrations"."version" ASC[0m
Processing by UsersController#new as HTML
  Rendering users/new.html.erb within layouts/application
  Rendered users/new.html.erb within layouts/application (15.6ms)
Completed 200 OK in 739ms (Views: 675.7ms | ActiveRecord: 0.0ms)


Started POST "/users" for 127.0.0.1 at 2017-08-19 17:06:36 -0500
Processing by UsersController#create as HTML
  Parameters: {"user"=>{"username"=>"johnjmarks4", "email"=>"johnjmarks4@gmail.com", "password"=>"[FILTERED]"}, "make_user"=>"Submit Query", "authenticity_token"=>"Dj+lTYVvObitrpiYEYPhhl3YGGcPx4iux5JOh9u5g2bqrpsMzdWXTmgwch+L4LOhPlMt4sQwevWvhKtW0vTsXg=="}
  [1m[35m (0.0ms)[0m  [1m[36mbegin transaction[0m
  [1m[35m (0.0ms)[0m  [1m[31mrollback transaction[0m
  Rendering users/new.html.erb within layouts/application
  Rendered users/new.html.erb within layouts/application (1.0ms)
Completed 200 OK in 444ms (Views: 252.8ms | ActiveRecord: 4.0ms)


Started GET "/users" for 127.0.0.1 at 2017-08-19 17:13:53 -0500
  [1m[35m (0.0ms)[0m  [1m[34mSELECT "schema_migrations"."version" FROM "schema_migrations" ORDER BY "schema_migrations"."version" ASC[0m
  
ActionController::RoutingError (No route matches [GET] "/users"):
  
actionpack (5.1.3) lib/action_dispatch/middleware/debug_exceptions.rb:63:in `call'
web-console (3.5.1) lib/web_console/middleware.rb:135:in `call_app'
web-console (3.5.1) lib/web_console/middleware.rb:28:in `block in call'
web-console (3.5.1) lib/web_console/middleware.rb:18:in `catch'
web-console (3.5.1) lib/web_console/middleware.rb:18:in `call'
actionpack (5.1.3) lib/action_dispatch/middleware/show_exceptions.rb:31:in `call'
railties (5.1.3) lib/rails/rack/logger.rb:36:in `call_app'
railties (5.1.3) lib/rails/rack/logger.rb:24:in `block in call'
activesupport (5.1.3) lib/active_support/tagged_logging.rb:69:in `block in tagged'
activesupport (5.1.3) lib/active_support/tagged_logging.rb:26:in `tagged'
activesupport (5.1.3) lib/active_support/tagged_logging.rb:69:in `tagged'
railties (5.1.3) lib/rails/rack/logger.rb:24:in `call'
sprockets-rails (3.2.0) lib/sprockets/rails/quiet_assets.rb:13:in `call'
actionpack (5.1.3) lib/action_dispatch/middleware/remote_ip.rb:79:in `call'
actionpack (5.1.3) lib/action_dispatch/middleware/request_id.rb:25:in `call'
rack (2.0.3) lib/rack/method_override.rb:22:in `call'
rack (2.0.3) lib/rack/runtime.rb:22:in `call'
activesupport (5.1.3) lib/active_support/cache/strategy/local_cache_middleware.rb:27:in `call'
actionpack (5.1.3) lib/action_dispatch/middleware/executor.rb:12:in `call'
actionpack (5.1.3) lib/action_dispatch/middleware/static.rb:125:in `call'
rack (2.0.3) lib/rack/sendfile.rb:111:in `call'
railties (5.1.3) lib/rails/engine.rb:522:in `call'
puma (3.10.0) lib/puma/configuration.rb:225:in `call'
puma (3.10.0) lib/puma/server.rb:605:in `handle_request'
puma (3.10.0) lib/puma/server.rb:437:in `process_client'
puma (3.10.0) lib/puma/server.rb:301:in `block in run'
puma (3.10.0) lib/puma/thread_pool.rb:120:in `block in spawn_thread'
Started GET "/users/new" for 127.0.0.1 at 2017-08-19 17:14:00 -0500
Processing by UsersController#new as HTML
  Rendering users/new.html.erb within layouts/application
  Rendered users/new.html.erb within layouts/application (0.0ms)
Completed 200 OK in 701ms (Views: 660.3ms | ActiveRecord: 0.0ms)


Started GET "/users/new" for 127.0.0.1 at 2017-08-19 17:18:38 -0500
  [1m[35m (0.0ms)[0m  [1m[34mSELECT "schema_migrations"."version" FROM "schema_migrations" ORDER BY "schema_migrations"."version" ASC[0m
Processing by UsersController#new as HTML
  Rendering users/new.html.erb within layouts/application
  Rendered users/new.html.erb within layouts/application (0.0ms)
Completed 200 OK in 724ms (Views: 665.1ms | ActiveRecord: 0.0ms)


Started POST "/users" for 127.0.0.1 at 2017-08-19 17:19:16 -0500
Processing by UsersController#create as HTML
  Parameters: {"user"=>{"username"=>"johnjmarks4", "email"=>"johnjmarks4@gmail.com", "password"=>"[FILTERED]"}, "make_user"=>"Submit Query", "authenticity_token"=>"61O+oIY0oDfT32EWNdJgdWK9/r/qJ9uN7G7c24W9ev8PwoDhzo4OwRZBi5GvsTJSATbLOiHQKdaEeDkKjPAVxw=="}
Completed 400 Bad Request in 0ms (ActiveRecord: 0.0ms)


  
ActionController::ParameterMissing (param is missing or the value is empty: users):
  
app/controllers/users_controller.rb:17:in `user_params'
app/controllers/users_controller.rb:6:in `create'
Started GET "/users/new" for 127.0.0.1 at 2017-08-19 17:20:12 -0500
  [1m[35m (0.0ms)[0m  [1m[34mSELECT "schema_migrations"."version" FROM "schema_migrations" ORDER BY "schema_migrations"."version" ASC[0m
Processing by UsersController#new as HTML
  Rendering users/new.html.erb within layouts/application
  Rendered users/new.html.erb within layouts/application (0.0ms)
Completed 200 OK in 749ms (Views: 704.6ms | ActiveRecord: 0.0ms)


Started POST "/users" for 127.0.0.1 at 2017-08-19 17:20:49 -0500
Processing by UsersController#create as HTML
  Parameters: {"user"=>{"username"=>"johnjmarks4", "email"=>"johnjmarks4@gmail.com", "password"=>"[FILTERED]"}, "make_user"=>"Submit Query", "authenticity_token"=>"gPkR+cv8CAusr62Jbj83JPqZfq7VD/XJ849oHbqhu6ZkaC+4g0am/WkxRw70XGUDmRJLKx74B5KbmY3Ms+zUng=="}
  [1m[35m (0.0ms)[0m  [1m[36mbegin transaction[0m
  [1m[35mSQL (22.0ms)[0m  [1m[32mINSERT INTO "users" ("username", "email", "password", "created_at", "updated_at") VALUES (?, ?, ?, ?, ?)[0m  [["username", "johnjmarks4"], ["email", "johnjmarks4@gmail.com"], ["password", "Drae1Be9"], ["created_at", "2017-08-19 22:20:49.560673"], ["updated_at", "2017-08-19 22:20:49.560673"]]
  [1m[35m (92.4ms)[0m  [1m[36mcommit transaction[0m
Redirected to http://localhost:3000/users/new
Completed 302 Found in 153ms (ActiveRecord: 116.4ms)


Started GET "/users/new" for 127.0.0.1 at 2017-08-19 17:20:49 -0500
Processing by UsersController#new as HTML
  Rendering users/new.html.erb within layouts/application
  Rendered users/new.html.erb within layouts/application (1.0ms)
Completed 200 OK in 244ms (Views: 202.9ms | ActiveRecord: 0.0ms)


